c:\users\admin\desktop\project_ratematching\systemc\systemc_ratematching\systemc_ratematching\x64\debug\vc143.pdb
c:\users\admin\desktop\project_ratematching\systemc\systemc_ratematching\systemc_ratematching\x64\debug\vc143.idb
c:\users\admin\desktop\project_ratematching\systemc\systemc_ratematching\systemc_ratematching\x64\debug\source.obj
c:\users\admin\desktop\project_ratematching\systemc\systemc_ratematching\systemc_ratematching\x64\debug\sink.obj
c:\users\admin\desktop\project_ratematching\systemc\systemc_ratematching\systemc_ratematching\x64\debug\ratematching.obj
c:\users\admin\desktop\project_ratematching\systemc\systemc_ratematching\systemc_ratematching\x64\debug\mylibrary.obj
c:\users\admin\desktop\project_ratematching\systemc\systemc_ratematching\systemc_ratematching\x64\debug\main.obj
c:\users\admin\desktop\project_ratematching\systemc\systemc_ratematching\systemc_ratematching\x64\debug\systemc_ratematching.ilk
c:\users\admin\desktop\project_ratematching\systemc\systemc_ratematching\x64\debug\systemc_ratematching.pdb
c:\users\admin\desktop\project_ratematching\systemc\systemc_ratematching\systemc_ratematching\x64\debug\systemc_.48a1fcb6.tlog\cl.command.1.tlog
c:\users\admin\desktop\project_ratematching\systemc\systemc_ratematching\systemc_ratematching\x64\debug\systemc_.48a1fcb6.tlog\cl.items.tlog
c:\users\admin\desktop\project_ratematching\systemc\systemc_ratematching\systemc_ratematching\x64\debug\systemc_.48a1fcb6.tlog\cl.read.1.tlog
c:\users\admin\desktop\project_ratematching\systemc\systemc_ratematching\systemc_ratematching\x64\debug\systemc_.48a1fcb6.tlog\cl.write.1.tlog
c:\users\admin\desktop\project_ratematching\systemc\systemc_ratematching\systemc_ratematching\x64\debug\systemc_.48a1fcb6.tlog\link-cvtres.read.1.tlog
c:\users\admin\desktop\project_ratematching\systemc\systemc_ratematching\systemc_ratematching\x64\debug\systemc_.48a1fcb6.tlog\link-cvtres.write.1.tlog
c:\users\admin\desktop\project_ratematching\systemc\systemc_ratematching\systemc_ratematching\x64\debug\systemc_.48a1fcb6.tlog\link-rc.read.1.tlog
c:\users\admin\desktop\project_ratematching\systemc\systemc_ratematching\systemc_ratematching\x64\debug\systemc_.48a1fcb6.tlog\link-rc.write.1.tlog
c:\users\admin\desktop\project_ratematching\systemc\systemc_ratematching\systemc_ratematching\x64\debug\systemc_.48a1fcb6.tlog\link.12416-cvtres.read.1.tlog
c:\users\admin\desktop\project_ratematching\systemc\systemc_ratematching\systemc_ratematching\x64\debug\systemc_.48a1fcb6.tlog\link.12416-cvtres.write.1.tlog
c:\users\admin\desktop\project_ratematching\systemc\systemc_ratematching\systemc_ratematching\x64\debug\systemc_.48a1fcb6.tlog\link.12416-rc.read.1.tlog
c:\users\admin\desktop\project_ratematching\systemc\systemc_ratematching\systemc_ratematching\x64\debug\systemc_.48a1fcb6.tlog\link.12416-rc.write.1.tlog
c:\users\admin\desktop\project_ratematching\systemc\systemc_ratematching\systemc_ratematching\x64\debug\systemc_.48a1fcb6.tlog\link.12416.read.1.tlog
c:\users\admin\desktop\project_ratematching\systemc\systemc_ratematching\systemc_ratematching\x64\debug\systemc_.48a1fcb6.tlog\link.12416.read.2.tlog
c:\users\admin\desktop\project_ratematching\systemc\systemc_ratematching\systemc_ratematching\x64\debug\systemc_.48a1fcb6.tlog\link.12416.write.1.tlog
c:\users\admin\desktop\project_ratematching\systemc\systemc_ratematching\systemc_ratematching\x64\debug\systemc_.48a1fcb6.tlog\link.command.1.tlog
c:\users\admin\desktop\project_ratematching\systemc\systemc_ratematching\systemc_ratematching\x64\debug\systemc_.48a1fcb6.tlog\link.read.1.tlog
c:\users\admin\desktop\project_ratematching\systemc\systemc_ratematching\systemc_ratematching\x64\debug\systemc_.48a1fcb6.tlog\link.read.2.tlog
c:\users\admin\desktop\project_ratematching\systemc\systemc_ratematching\systemc_ratematching\x64\debug\systemc_.48a1fcb6.tlog\link.secondary.1.tlog
c:\users\admin\desktop\project_ratematching\systemc\systemc_ratematching\systemc_ratematching\x64\debug\systemc_.48a1fcb6.tlog\link.write.1.tlog
